<?xml version="1.0" encoding="UTF-8"?>
<!-- Generated by org.testng.reporters.JUnitXMLReporter -->
<testsuite ignored="0" hostname="SCL568" failures="0" tests="3" name="Test1" time="127.981" errors="0" timestamp="2024-10-04T14:40:33 IST">
  <testcase classname="rahulshettyacademy.tests.StandAloneTest" name="SubmitOrder" time="6.231"/>
  <testcase classname="rahulshettyacademy.tests.StandAloneTest" name="SubmitOrder" time="9.244"/>
  <testcase classname="rahulshettyacademy.tests.StandAloneTest" name="orderHistoryTest" time="14.055"/>
</testsuite> <!-- Test1 -->
