<?xml version="1.0" encoding="UTF-8"?>
<testng-results ignored="0" total="5" passed="5" failed="0" skipped="0">
  <reporter-output>
  </reporter-output>
  <suite started-at="2024-10-04T14:38:25 IST" name="Suite" finished-at="2024-10-04T14:40:33 IST" duration-ms="127981">
    <groups>
      <group name="ErrorHandling">
        <method signature="ErrorValidations.errorValidation()[pri:0, instance:rahulshettyacademy.tests.ErrorValidations@16414e40]" name="errorValidation" class="rahulshettyacademy.tests.ErrorValidations"/>
      </group> <!-- ErrorHandling -->
      <group name="Purchase">
        <method signature="StandAloneTest.SubmitOrder(java.util.HashMap)[pri:0, instance:rahulshettyacademy.tests.StandAloneTest@ab7395e]" name="SubmitOrder" class="rahulshettyacademy.tests.StandAloneTest"/>
      </group> <!-- Purchase -->
    </groups>
    <test started-at="2024-10-04T14:38:25 IST" name="Test2" finished-at="2024-10-04T14:39:09 IST" duration-ms="44255">
      <class name="rahulshettyacademy.tests.ErrorValidations">
        <test-method is-config="true" signature="launchApplication()[pri:0, instance:rahulshettyacademy.tests.ErrorValidations@16414e40]" started-at="2024-10-04T14:38:25 IST" name="launchApplication" finished-at="2024-10-04T14:38:31 IST" duration-ms="5796" status="PASS">
          <reporter-output>
          </reporter-output>
        </test-method> <!-- launchApplication -->
        <test-method signature="errorValidation()[pri:0, instance:rahulshettyacademy.tests.ErrorValidations@16414e40]" started-at="2024-10-04T14:38:31 IST" name="errorValidation" finished-at="2024-10-04T14:38:32 IST" duration-ms="1232" status="PASS">
          <reporter-output>
          </reporter-output>
        </test-method> <!-- errorValidation -->
        <test-method is-config="true" signature="closeApplication()[pri:0, instance:rahulshettyacademy.tests.ErrorValidations@16414e40]" started-at="2024-10-04T14:38:32 IST" name="closeApplication" finished-at="2024-10-04T14:38:37 IST" duration-ms="4558" status="PASS">
          <reporter-output>
          </reporter-output>
        </test-method> <!-- closeApplication -->
        <test-method is-config="true" signature="launchApplication()[pri:0, instance:rahulshettyacademy.tests.ErrorValidations@16414e40]" started-at="2024-10-04T14:38:37 IST" name="launchApplication" finished-at="2024-10-04T14:38:41 IST" duration-ms="4479" status="PASS">
          <reporter-output>
          </reporter-output>
        </test-method> <!-- launchApplication -->
        <test-method signature="productErrorValidation()[pri:0, instance:rahulshettyacademy.tests.ErrorValidations@16414e40]" started-at="2024-10-04T14:38:41 IST" name="productErrorValidation" finished-at="2024-10-04T14:38:44 IST" duration-ms="3236" status="PASS">
          <reporter-output>
          </reporter-output>
        </test-method> <!-- productErrorValidation -->
        <test-method is-config="true" signature="closeApplication()[pri:0, instance:rahulshettyacademy.tests.ErrorValidations@16414e40]" started-at="2024-10-04T14:38:44 IST" name="closeApplication" finished-at="2024-10-04T14:39:09 IST" duration-ms="24878" status="PASS">
          <reporter-output>
          </reporter-output>
        </test-method> <!-- closeApplication -->
      </class> <!-- rahulshettyacademy.tests.ErrorValidations -->
    </test> <!-- Test2 -->
    <test started-at="2024-10-04T14:38:25 IST" name="Test1" finished-at="2024-10-04T14:40:33 IST" duration-ms="127981">
      <class name="rahulshettyacademy.tests.StandAloneTest">
        <test-method is-config="true" signature="launchApplication()[pri:0, instance:rahulshettyacademy.tests.StandAloneTest@ab7395e]" started-at="2024-10-04T14:38:25 IST" name="launchApplication" finished-at="2024-10-04T14:38:28 IST" duration-ms="2932" status="PASS">
          <reporter-output>
          </reporter-output>
        </test-method> <!-- launchApplication -->
        <test-method signature="SubmitOrder(java.util.HashMap)[pri:0, instance:rahulshettyacademy.tests.StandAloneTest@ab7395e]" started-at="2024-10-04T14:38:28 IST" name="SubmitOrder" data-provider="getData" finished-at="2024-10-04T14:38:34 IST" duration-ms="6231" status="PASS">
          <params>
            <param index="0">
              <value>
                <![CDATA[{password=Amar1234, product=ZARA COAT 3, email=amarinder.singh@gmail.com}]]>
              </value>
            </param>
          </params>
          <reporter-output>
          </reporter-output>
        </test-method> <!-- SubmitOrder -->
        <test-method is-config="true" signature="closeApplication()[pri:0, instance:rahulshettyacademy.tests.StandAloneTest@ab7395e]" started-at="2024-10-04T14:38:34 IST" name="closeApplication" finished-at="2024-10-04T14:38:39 IST" duration-ms="4469" status="PASS">
          <reporter-output>
          </reporter-output>
        </test-method> <!-- closeApplication -->
        <test-method is-config="true" signature="launchApplication()[pri:0, instance:rahulshettyacademy.tests.StandAloneTest@ab7395e]" started-at="2024-10-04T14:38:39 IST" name="launchApplication" finished-at="2024-10-04T14:38:41 IST" duration-ms="2328" status="PASS">
          <reporter-output>
          </reporter-output>
        </test-method> <!-- launchApplication -->
        <test-method signature="SubmitOrder(java.util.HashMap)[pri:0, instance:rahulshettyacademy.tests.StandAloneTest@ab7395e]" started-at="2024-10-04T14:38:41 IST" name="SubmitOrder" data-provider="getData" finished-at="2024-10-04T14:38:50 IST" duration-ms="9244" status="PASS">
          <params>
            <param index="0">
              <value>
                <![CDATA[{password=Amar1234, product=ZARA COAT 3, email=amarinder.singh@gmail.com}]]>
              </value>
            </param>
          </params>
          <reporter-output>
          </reporter-output>
        </test-method> <!-- SubmitOrder -->
        <test-method is-config="true" signature="closeApplication()[pri:0, instance:rahulshettyacademy.tests.StandAloneTest@ab7395e]" started-at="2024-10-04T14:38:50 IST" name="closeApplication" finished-at="2024-10-04T14:39:45 IST" duration-ms="55003" status="PASS">
          <reporter-output>
          </reporter-output>
        </test-method> <!-- closeApplication -->
        <test-method is-config="true" signature="launchApplication()[pri:0, instance:rahulshettyacademy.tests.StandAloneTest@ab7395e]" started-at="2024-10-04T14:39:45 IST" name="launchApplication" finished-at="2024-10-04T14:39:48 IST" duration-ms="2806" status="PASS">
          <reporter-output>
          </reporter-output>
        </test-method> <!-- launchApplication -->
        <test-method signature="orderHistoryTest()[pri:0, instance:rahulshettyacademy.tests.StandAloneTest@ab7395e]" started-at="2024-10-04T14:39:48 IST" name="orderHistoryTest" finished-at="2024-10-04T14:40:02 IST" depends-on-methods="rahulshettyacademy.tests.StandAloneTest.SubmitOrder" duration-ms="14055" status="PASS">
          <reporter-output>
          </reporter-output>
        </test-method> <!-- orderHistoryTest -->
        <test-method is-config="true" signature="closeApplication()[pri:0, instance:rahulshettyacademy.tests.StandAloneTest@ab7395e]" started-at="2024-10-04T14:40:02 IST" name="closeApplication" finished-at="2024-10-04T14:40:33 IST" duration-ms="30634" status="PASS">
          <reporter-output>
          </reporter-output>
        </test-method> <!-- closeApplication -->
      </class> <!-- rahulshettyacademy.tests.StandAloneTest -->
    </test> <!-- Test1 -->
  </suite> <!-- Suite -->
</testng-results>
