<?xml version="1.0" encoding="UTF-8"?>
<!-- Generated by org.testng.reporters.JUnitReportReporter -->
<testsuite hostname="SCL568" failures="0" tests="1" name="Cucumber.TestNGTestRunner" time="0.199" errors="1" timestamp="2024-10-07T15:41:46 IST" skipped="0">
  <testcase classname="Cucumber.TestNGTestRunner" name="runScenario" time="0.199">
    <error message="Cannot invoke &quot;org.openqa.selenium.WebDriver.manage()&quot; because &quot;this.driver&quot; is null" type="java.lang.NullPointerException">
      <![CDATA[java.lang.NullPointerException: Cannot invoke "org.openqa.selenium.WebDriver.manage()" because "this.driver" is null
at rahulshettyacademy.TestComponent.BaseTests.initializeDriver(BaseTests.java:61)
at rahulshettyacademy.TestComponent.BaseTests.launchApplication(BaseTests.java:82)
at rahulshettyacademy.stepDefinitions.StepDefinitionImpl.I_Landed_on_Ecommerce_Page(StepDefinitionImpl.java:27)
at ✽.I landed on the Ecommerce Page(file:///D:/eclipse-workspace/SeleniumFrameWorkDesign/src/test/java/Cucumber/PurchaseOrder.feature:7)
]]>
    </error>
  </testcase> <!-- runScenario -->
</testsuite> <!-- Cucumber.TestNGTestRunner -->
