<?xml version="1.0" encoding="UTF-8"?>
<!-- Generated by org.testng.reporters.JUnitReportReporter -->
<testsuite hostname="SCL568" failures="0" tests="2" name="rahulshettyacademy.tests.ErrorValidations" time="22.282" errors="0" timestamp="2024-10-03T14:48:55 IST" skipped="0">
  <testcase classname="rahulshettyacademy.tests.ErrorValidations" name="productErrorValidation" time="9.288"/>
  <testcase classname="rahulshettyacademy.tests.ErrorValidations" name="errorValidation" time="12.994"/>
</testsuite> <!-- rahulshettyacademy.tests.ErrorValidations -->
