<?xml version="1.0" encoding="UTF-8"?>
<!-- Generated by org.testng.reporters.JUnitReportReporter -->
<testsuite hostname="SCL568" failures="0" tests="3" name="rahulshettyacademy.tests.StandAloneTest" time="127.702" errors="0" timestamp="2024-10-04T14:40:33 IST" skipped="0">
  <testcase classname="rahulshettyacademy.tests.StandAloneTest" name="orderHistoryTest" time="71.864"/>
  <testcase classname="rahulshettyacademy.tests.StandAloneTest" name="SubmitOrder" time="42.206"/>
  <testcase classname="rahulshettyacademy.tests.StandAloneTest" name="SubmitOrder" time="13.632"/>
</testsuite> <!-- rahulshettyacademy.tests.StandAloneTest -->
