<?xml version="1.0" encoding="UTF-8"?>
<!-- Generated by org.testng.reporters.JUnitReportReporter -->
<testsuite hostname="SCL568" failures="0" tests="2" name="rahulshettyacademy.tests.ErrorValidations" time="44.179" errors="0" timestamp="2024-10-04T14:40:33 IST" skipped="0">
  <testcase classname="rahulshettyacademy.tests.ErrorValidations" name="productErrorValidation" time="12.273"/>
  <testcase classname="rahulshettyacademy.tests.ErrorValidations" name="errorValidation" time="31.906"/>
</testsuite> <!-- rahulshettyacademy.tests.ErrorValidations -->
